<?xml version="1.0" encoding="UTF-8"?>
<testsuite xmlns:xsi="http://www.w3.org/2001/XMLSchema-instance" xsi:noNamespaceSchemaLocation="https://maven.apache.org/surefire/maven-surefire-plugin/xsd/surefire-test-report.xsd" name="core.basesyntax.CalculatorTest" time="0.457" tests="30" errors="0" skipped="0" failures="0">
  <properties>
    <property name="java.specification.version" value="14"/>
    <property name="sun.cpu.isalist" value="amd64"/>
    <property name="sun.jnu.encoding" value="Cp1251"/>
    <property name="java.class.path" value="C:\kt\mate\jv-lambda-calc\target\test-classes;C:\kt\mate\jv-lambda-calc\target\classes;C:\Users\User\.m2\repository\org\assertj\assertj-core\3.8.0\assertj-core-3.8.0.jar;C:\Users\User\.m2\repository\org\junit\jupiter\junit-jupiter-api\5.6.2\junit-jupiter-api-5.6.2.jar;C:\Users\User\.m2\repository\org\apiguardian\apiguardian-api\1.1.0\apiguardian-api-1.1.0.jar;C:\Users\User\.m2\repository\org\opentest4j\opentest4j\1.2.0\opentest4j-1.2.0.jar;C:\Users\User\.m2\repository\org\junit\platform\junit-platform-commons\1.6.2\junit-platform-commons-1.6.2.jar;C:\Users\User\.m2\repository\org\junit\jupiter\junit-jupiter-engine\5.6.2\junit-jupiter-engine-5.6.2.jar;C:\Users\User\.m2\repository\org\junit\platform\junit-platform-engine\1.6.2\junit-platform-engine-1.6.2.jar;C:\Users\User\.m2\repository\org\sonatype\sisu\sisu-inject-bean\1.4.2\sisu-inject-bean-1.4.2.jar;C:\Users\User\.m2\repository\org\sonatype\sisu\sisu-guice\2.1.7\sisu-guice-2.1.7-noaop.jar;C:\Users\User\.m2\repository\org\apache\commons\commons-lang3\3.1\commons-lang3-3.1.jar;"/>
    <property name="java.vm.vendor" value="Oracle Corporation"/>
    <property name="sun.arch.data.model" value="64"/>
    <property name="user.variant" value=""/>
    <property name="java.vendor.url" value="https://java.oracle.com/"/>
    <property name="user.timezone" value="Asia/Jerusalem"/>
    <property name="os.name" value="Windows 10"/>
    <property name="java.vm.specification.version" value="14"/>
    <property name="sun.java.launcher" value="SUN_STANDARD"/>
    <property name="user.country" value="RU"/>
    <property name="sun.boot.library.path" value="C:\Users\User\.jdks\openjdk-14.0.1\bin"/>
    <property name="sun.java.command" value="C:\Users\User\AppData\Local\Temp\surefire12381348160565729522\surefirebooter14456364697334025596.jar C:\Users\User\AppData\Local\Temp\surefire12381348160565729522 2020-06-02T17-09-11_046-jvmRun1 surefire9038749542208199917tmp surefire_07246065785397973771tmp"/>
    <property name="jdk.debug" value="release"/>
    <property name="surefire.test.class.path" value="C:\kt\mate\jv-lambda-calc\target\test-classes;C:\kt\mate\jv-lambda-calc\target\classes;C:\Users\User\.m2\repository\org\assertj\assertj-core\3.8.0\assertj-core-3.8.0.jar;C:\Users\User\.m2\repository\org\junit\jupiter\junit-jupiter-api\5.6.2\junit-jupiter-api-5.6.2.jar;C:\Users\User\.m2\repository\org\apiguardian\apiguardian-api\1.1.0\apiguardian-api-1.1.0.jar;C:\Users\User\.m2\repository\org\opentest4j\opentest4j\1.2.0\opentest4j-1.2.0.jar;C:\Users\User\.m2\repository\org\junit\platform\junit-platform-commons\1.6.2\junit-platform-commons-1.6.2.jar;C:\Users\User\.m2\repository\org\junit\jupiter\junit-jupiter-engine\5.6.2\junit-jupiter-engine-5.6.2.jar;C:\Users\User\.m2\repository\org\junit\platform\junit-platform-engine\1.6.2\junit-platform-engine-1.6.2.jar;C:\Users\User\.m2\repository\org\sonatype\sisu\sisu-inject-bean\1.4.2\sisu-inject-bean-1.4.2.jar;C:\Users\User\.m2\repository\org\sonatype\sisu\sisu-guice\2.1.7\sisu-guice-2.1.7-noaop.jar;C:\Users\User\.m2\repository\org\apache\commons\commons-lang3\3.1\commons-lang3-3.1.jar;"/>
    <property name="sun.cpu.endian" value="little"/>
    <property name="user.home" value="C:\Users\User"/>
    <property name="user.language" value="ru"/>
    <property name="java.specification.vendor" value="Oracle Corporation"/>
    <property name="java.version.date" value="2020-04-14"/>
    <property name="java.home" value="C:\Users\User\.jdks\openjdk-14.0.1"/>
    <property name="file.separator" value="\"/>
    <property name="basedir" value="C:\kt\mate\jv-lambda-calc"/>
    <property name="java.vm.compressedOopsMode" value="32-bit"/>
    <property name="line.separator" value="&#10;"/>
    <property name="java.vm.specification.vendor" value="Oracle Corporation"/>
    <property name="java.specification.name" value="Java Platform API Specification"/>
    <property name="surefire.real.class.path" value="C:\Users\User\AppData\Local\Temp\surefire12381348160565729522\surefirebooter14456364697334025596.jar"/>
    <property name="user.script" value=""/>
    <property name="sun.management.compiler" value="HotSpot 64-Bit Tiered Compilers"/>
    <property name="java.runtime.version" value="14.0.1+7"/>
    <property name="user.name" value="User"/>
    <property name="path.separator" value=";"/>
    <property name="os.version" value="10.0"/>
    <property name="java.runtime.name" value="OpenJDK Runtime Environment"/>
    <property name="file.encoding" value="Cp1251"/>
    <property name="java.vm.name" value="OpenJDK 64-Bit Server VM"/>
    <property name="localRepository" value="C:\Users\User\.m2\repository"/>
    <property name="java.vendor.url.bug" value="https://bugreport.java.com/bugreport/"/>
    <property name="java.io.tmpdir" value="C:\Users\User\AppData\Local\Temp\"/>
    <property name="java.version" value="14.0.1"/>
    <property name="user.dir" value="C:\kt\mate\jv-lambda-calc"/>
    <property name="os.arch" value="amd64"/>
    <property name="java.vm.specification.name" value="Java Virtual Machine Specification"/>
    <property name="sun.os.patch.level" value=""/>
    <property name="java.library.path" value="C:\Users\User\.jdks\openjdk-14.0.1\bin;C:\Windows\Sun\Java\bin;C:\Windows\system32;C:\Windows;C:\Ruby27-x64\bin;C:\Program Files (x86)\Python38-32\Scripts\;C:\Program Files (x86)\Python38-32\;C:\Windows\system32;C:\Windows;C:\Windows\System32\Wbem;C:\Windows\System32\WindowsPowerShell\v1.0\;C:\Windows\System32\OpenSSH\;C:\Program Files\Git\cmd;C:\Program Files (x86)\NVIDIA Corporation\PhysX\Common;C:\Program Files\NVIDIA Corporation\NVIDIA NvDLISR;C:\Program Files\apache\apache-maven-3.6.3\bin;C:\Users\User\.jdks\openjdk-14.0.1\bin;C:\Program Files\MySQL\MySQL Shell 8.0\bin\;C:\Users\User\AppData\Local\Microsoft\WindowsApps;C:\Program Files\JetBrains\IntelliJ IDEA 2020.1.1\bin;;C:\sonar\sonar-scanner-4.3.0.2102-windows\bin;C:\Program Files\heroku\bin;."/>
    <property name="java.vm.info" value="mixed mode, sharing"/>
    <property name="java.vendor" value="Oracle Corporation"/>
    <property name="java.vm.version" value="14.0.1+7"/>
    <property name="sun.io.unicode.encoding" value="UnicodeLittle"/>
    <property name="java.class.version" value="58.0"/>
  </properties>
  <testcase name="subtraction[1]" classname="core.basesyntax.CalculatorTest" time="0.126"/>
  <testcase name="subtraction[2]" classname="core.basesyntax.CalculatorTest" time="0"/>
  <testcase name="subtraction[3]" classname="core.basesyntax.CalculatorTest" time="0"/>
  <testcase name="subtraction[4]" classname="core.basesyntax.CalculatorTest" time="0"/>
  <testcase name="subtraction[5]" classname="core.basesyntax.CalculatorTest" time="0.004"/>
  <testcase name="subtraction[6]" classname="core.basesyntax.CalculatorTest" time="0"/>
  <testcase name="subtraction[7]" classname="core.basesyntax.CalculatorTest" time="0"/>
  <testcase name="divide[1]" classname="core.basesyntax.CalculatorTest" time="0"/>
  <testcase name="divide[2]" classname="core.basesyntax.CalculatorTest" time="0.001"/>
  <testcase name="divide[3]" classname="core.basesyntax.CalculatorTest" time="0"/>
  <testcase name="divide[4]" classname="core.basesyntax.CalculatorTest" time="0.002"/>
  <testcase name="addition[1]" classname="core.basesyntax.CalculatorTest" time="0"/>
  <testcase name="addition[2]" classname="core.basesyntax.CalculatorTest" time="0"/>
  <testcase name="addition[3]" classname="core.basesyntax.CalculatorTest" time="0"/>
  <testcase name="addition[4]" classname="core.basesyntax.CalculatorTest" time="0"/>
  <testcase name="addition[5]" classname="core.basesyntax.CalculatorTest" time="0.002"/>
  <testcase name="addition[6]" classname="core.basesyntax.CalculatorTest" time="0"/>
  <testcase name="addition[7]" classname="core.basesyntax.CalculatorTest" time="0"/>
  <testcase name="checkDivideByZero" classname="core.basesyntax.CalculatorTest" time="0.009"/>
  <testcase name="multiply[1]" classname="core.basesyntax.CalculatorTest" time="0"/>
  <testcase name="multiply[2]" classname="core.basesyntax.CalculatorTest" time="0"/>
  <testcase name="multiply[3]" classname="core.basesyntax.CalculatorTest" time="0.004"/>
  <testcase name="multiply[4]" classname="core.basesyntax.CalculatorTest" time="0.001"/>
  <testcase name="multiply[5]" classname="core.basesyntax.CalculatorTest" time="0.001"/>
  <testcase name="powering[1]" classname="core.basesyntax.CalculatorTest" time="0"/>
  <testcase name="powering[2]" classname="core.basesyntax.CalculatorTest" time="0"/>
  <testcase name="powering[3]" classname="core.basesyntax.CalculatorTest" time="0"/>
  <testcase name="powering[4]" classname="core.basesyntax.CalculatorTest" time="0"/>
  <testcase name="powering[5]" classname="core.basesyntax.CalculatorTest" time="0.003"/>
  <testcase name="checkDivideZeroByZero" classname="core.basesyntax.CalculatorTest" time="0.01"/>
</testsuite>